<?xml version="1.0" encoding="UTF-8"?>
<!-- Generated by org.testng.reporters.JUnitReportReporter -->
<testsuite skipped="0" hostname="DESKTOP-MIAHELG" name="com.Google.Google_Login" tests="2" failures="0" timestamp="04 Apr 2018 03:05:52 GMT" time="42.313" errors="0">
  <testcase name="test2" time="10.638" classname="com.Google.Google_Login"/>
  <testcase name="test1" time="31.675" classname="com.Google.Google_Login"/>
</testsuite> <!-- com.Google.Google_Login -->
