<?xml version="1.0" encoding="UTF-8"?>
<!-- Generated by org.testng.reporters.JUnitReportReporter -->
<testsuite skipped="0" hostname="DESKTOP-MIAHELG" name="com.Google.Google_Login" tests="2" failures="0" timestamp="04 Apr 2018 15:36:40 GMT" time="34.925" errors="0">
  <testcase name="test1" time="30.683" classname="com.Google.Google_Login"/>
  <testcase name="test2" time="4.242" classname="com.Google.Google_Login"/>
</testsuite> <!-- com.Google.Google_Login -->
