<?xml version="1.0" encoding="UTF-8"?>
<!-- Generated by org.testng.reporters.JUnitReportReporter -->
<testsuite skipped="0" hostname="DESKTOP-MIAHELG" name="com.Google.Google_Login" tests="2" failures="0" timestamp="05 Apr 2018 09:22:02 GMT" time="61.126" errors="0">
  <testcase name="test2" time="53.895" classname="com.Google.Google_Login"/>
  <testcase name="test1" time="7.231" classname="com.Google.Google_Login"/>
</testsuite> <!-- com.Google.Google_Login -->
